[INFO] Scanning for projects...
[INFO] 
[INFO] ------------------------< se1961.g1:MedConnect >------------------------
[INFO] Building MedConnect 0.0.1-SNAPSHOT
[INFO]   from pom.xml
[INFO] --------------------------------[ jar ]---------------------------------
[INFO] 
[INFO] >>> spring-boot:3.5.6:run (default-cli) > test-compile @ MedConnect >>>
[INFO] 
[INFO] --- resources:3.3.1:resources (default-resources) @ MedConnect ---
[INFO] Copying 1 resource from src/main/resources to target/classes
[INFO] Copying 5 resources from src/main/resources to target/classes
[INFO] 
[INFO] --- compiler:3.14.0:compile (default-compile) @ MedConnect ---
[INFO] Nothing to compile - all classes are up to date.
[INFO] 
[INFO] --- resources:3.3.1:testResources (default-testResources) @ MedConnect ---
[INFO] skip non existing resourceDirectory /Volumes/Data/Code/swp391/g1-se1961-nj-swp391-fal25/medconnect-be/src/test/resources
[INFO] 
[INFO] --- compiler:3.14.0:testCompile (default-testCompile) @ MedConnect ---
[INFO] Nothing to compile - all classes are up to date.
[INFO] 
[INFO] <<< spring-boot:3.5.6:run (default-cli) < test-compile @ MedConnect <<<
[INFO] 
[INFO] 
[INFO] --- spring-boot:3.5.6:run (default-cli) @ MedConnect ---
[INFO] Attaching agents: []

  .   ____          _            __ _ _
 /\\ / ___'_ __ _ _(_)_ __  __ _ \ \ \ \
( ( )\___ | '_ | '_| | '_ \/ _` | \ \ \ \
 \\/  ___)| |_)| | | | | || (_| |  ) ) ) )
  '  |____| .__|_| |_|_| |_\__, | / / / /
 =========|_|==============|___/=/_/_/_/

 :: Spring Boot ::                (v3.5.6)

2025-10-23T15:27:30.439+07:00  INFO 95345 --- [MedConnect] [           main] s.g.m.main.MedConnectApplication         : Starting MedConnectApplication using Java 21.0.8 with PID 95345 (/Volumes/Data/Code/swp391/g1-se1961-nj-swp391-fal25/medconnect-be/target/classes started by yunkhngn in /Volumes/Data/Code/swp391/g1-se1961-nj-swp391-fal25/medconnect-be)
2025-10-23T15:27:30.441+07:00  INFO 95345 --- [MedConnect] [           main] s.g.m.main.MedConnectApplication         : No active profile set, falling back to 1 default profile: "default"
2025-10-23T15:27:31.193+07:00  INFO 95345 --- [MedConnect] [           main] .s.d.r.c.RepositoryConfigurationDelegate : Bootstrapping Spring Data JPA repositories in DEFAULT mode.
2025-10-23T15:27:31.284+07:00  INFO 95345 --- [MedConnect] [           main] .s.d.r.c.RepositoryConfigurationDelegate : Finished Spring Data repository scanning in 79 ms. Found 9 JPA repository interfaces.
2025-10-23T15:27:32.216+07:00  INFO 95345 --- [MedConnect] [           main] o.s.b.w.embedded.tomcat.TomcatWebServer  : Tomcat initialized with port 8080 (http)
2025-10-23T15:27:32.229+07:00  INFO 95345 --- [MedConnect] [           main] o.apache.catalina.core.StandardService   : Starting service [Tomcat]
2025-10-23T15:27:32.229+07:00  INFO 95345 --- [MedConnect] [           main] o.apache.catalina.core.StandardEngine    : Starting Servlet engine: [Apache Tomcat/10.1.46]
2025-10-23T15:27:32.279+07:00  INFO 95345 --- [MedConnect] [           main] o.a.c.c.C.[Tomcat].[localhost].[/]       : Initializing Spring embedded WebApplicationContext
2025-10-23T15:27:32.280+07:00  INFO 95345 --- [MedConnect] [           main] w.s.c.ServletWebServerApplicationContext : Root WebApplicationContext: initialization completed in 1788 ms
2025-10-23T15:27:32.507+07:00  INFO 95345 --- [MedConnect] [           main] o.hibernate.jpa.internal.util.LogHelper  : HHH000204: Processing PersistenceUnitInfo [name: default]
2025-10-23T15:27:32.556+07:00  INFO 95345 --- [MedConnect] [           main] org.hibernate.Version                    : HHH000412: Hibernate ORM core version 6.6.29.Final
2025-10-23T15:27:32.588+07:00  INFO 95345 --- [MedConnect] [           main] o.h.c.internal.RegionFactoryInitiator    : HHH000026: Second-level cache disabled
2025-10-23T15:27:33.107+07:00  INFO 95345 --- [MedConnect] [           main] o.s.o.j.p.SpringPersistenceUnitInfo      : No LoadTimeWeaver setup: ignoring JPA class transformer
2025-10-23T15:27:33.169+07:00  INFO 95345 --- [MedConnect] [           main] com.zaxxer.hikari.HikariDataSource       : HikariPool-1 - Starting...
2025-10-23T15:27:33.550+07:00  INFO 95345 --- [MedConnect] [           main] com.zaxxer.hikari.pool.HikariPool        : HikariPool-1 - Added connection ConnectionID:1 ClientConnectionId: e155ae8b-89fb-495f-bcd1-45705aeaecb1
2025-10-23T15:27:33.553+07:00  INFO 95345 --- [MedConnect] [           main] com.zaxxer.hikari.HikariDataSource       : HikariPool-1 - Start completed.
2025-10-23T15:27:33.592+07:00  WARN 95345 --- [MedConnect] [           main] org.hibernate.orm.deprecation            : HHH90000025: SQLServerDialect does not need to be specified explicitly using 'hibernate.dialect' (remove the property setting and it will be selected by default)
2025-10-23T15:27:33.616+07:00  INFO 95345 --- [MedConnect] [           main] org.hibernate.orm.connections.pooling    : HHH10001005: Database info:
	Database JDBC URL [Connecting through datasource 'HikariDataSource (HikariPool-1)']
	Database driver: undefined/unknown
	Database version: 16.0
	Autocommit mode: undefined/unknown
	Isolation level: undefined/unknown
	Minimum pool size: undefined/unknown
	Maximum pool size: undefined/unknown
2025-10-23T15:27:35.180+07:00  INFO 95345 --- [MedConnect] [           main] o.h.e.t.j.p.i.JtaPlatformInitiator       : HHH000489: No JTA platform available (set 'hibernate.transaction.jta.platform' to enable JTA platform integration)
2025-10-23T15:27:35.642+07:00  INFO 95345 --- [MedConnect] [           main] j.LocalContainerEntityManagerFactoryBean : Initialized JPA EntityManagerFactory for persistence unit 'default'
2025-10-23T15:27:36.531+07:00  INFO 95345 --- [MedConnect] [           main] o.s.d.j.r.query.QueryEnhancerFactory     : Hibernate is in classpath; If applicable, HQL parser will be used.
2025-10-23T15:27:37.677+07:00  WARN 95345 --- [MedConnect] [           main] JpaBaseConfiguration$JpaWebConfiguration : spring.jpa.open-in-view is enabled by default. Therefore, database queries may be performed during view rendering. Explicitly configure spring.jpa.open-in-view to disable this warning
2025-10-23T15:27:38.177+07:00  WARN 95345 --- [MedConnect] [           main] .s.s.UserDetailsServiceAutoConfiguration : 

Using generated security password: 23880eef-9c35-4267-81c7-28b0c4598388

This generated password is for development use only. Your security configuration must be updated before running your application in production.

2025-10-23T15:27:38.189+07:00  INFO 95345 --- [MedConnect] [           main] r$InitializeUserDetailsManagerConfigurer : Global AuthenticationManager configured with UserDetailsService bean with name inMemoryUserDetailsManager
2025-10-23T15:27:38.768+07:00  WARN 95345 --- [MedConnect] [           main] ConfigServletWebServerApplicationContext : Exception encountered during context initialization - cancelling refresh attempt: org.springframework.context.ApplicationContextException: Failed to start bean 'webServerStartStop'
2025-10-23T15:27:38.773+07:00  INFO 95345 --- [MedConnect] [           main] j.LocalContainerEntityManagerFactoryBean : Closing JPA EntityManagerFactory for persistence unit 'default'
2025-10-23T15:27:38.774+07:00  INFO 95345 --- [MedConnect] [           main] com.zaxxer.hikari.HikariDataSource       : HikariPool-1 - Shutdown initiated...
2025-10-23T15:27:38.779+07:00  INFO 95345 --- [MedConnect] [           main] com.zaxxer.hikari.HikariDataSource       : HikariPool-1 - Shutdown completed.
2025-10-23T15:27:38.791+07:00  INFO 95345 --- [MedConnect] [           main] .s.b.a.l.ConditionEvaluationReportLogger : 

Error starting ApplicationContext. To display the condition evaluation report re-run your application with 'debug' enabled.
2025-10-23T15:27:38.812+07:00 ERROR 95345 --- [MedConnect] [           main] o.s.b.d.LoggingFailureAnalysisReporter   : 

***************************
APPLICATION FAILED TO START
***************************

Description:

Web server failed to start. Port 8080 was already in use.

Action:

Identify and stop the process that's listening on port 8080 or configure this application to listen on another port.

[INFO] ------------------------------------------------------------------------
[INFO] BUILD FAILURE
[INFO] ------------------------------------------------------------------------
[INFO] Total time:  12.684 s
[INFO] Finished at: 2025-10-23T15:27:39+07:00
[INFO] ------------------------------------------------------------------------
[ERROR] Failed to execute goal org.springframework.boot:spring-boot-maven-plugin:3.5.6:run (default-cli) on project MedConnect: Process terminated with exit code: 1 -> [Help 1]
[ERROR] 
[ERROR] To see the full stack trace of the errors, re-run Maven with the -e switch.
[ERROR] Re-run Maven using the -X switch to enable full debug logging.
[ERROR] 
[ERROR] For more information about the errors and possible solutions, please read the following articles:
[ERROR] [Help 1] http://cwiki.apache.org/confluence/display/MAVEN/MojoExecutionException
